CompileCommand: exclude com/intellij/openapi/vfs/impl/FilePartNodeRoot.trieDescend bool exclude = true
2023-02-22 21:35:13,258 [   2116]   WARN - #c.i.c.ComponentStoreImpl - Duplicated scheme Monokai Pro (Classic) - old: Monokai Pro (Classic), new Monokai Pro (Classic)
2023-02-22 21:35:15,137 [   3995]   WARN - #c.i.e.RunManager - Must be not called before project components initialized
Info  | RdCoroutineScope          | 37:DefaultDispatcher-worker-21 | RdCoroutineHost overridden 
JCEF(35:17:449): initialized stderr logger, severity=LOGSEVERITY_DISABLE
2023-02-22 21:35:18,026 [   6884]   WARN - #c.i.o.w.i.ToolWindowImpl - ToolWindow icons should be 13x13. Please fix ToolWindow (ID:  Robo tasks) or icon RasterizedImageDataLoader(classLoader=PluginClassLoader(plugin=PluginDescriptor(name=PHP, id=com.jetbrains.php, descriptorPath=plugin.xml, path=~/Programs/PhpStorm-2022.3.2/PhpStorm-223.8617.59/plugins/php-impl, version=223.8617.59, package=null, isBundled=true), packagePrefix=null, instanceId=133, state=active), path=icons/php-icon.svg)
2023-02-22 21:35:19,005 [   7863]   WARN - #c.i.o.a.i.ActionUpdater - 474 ms to grab EDT for ToolWindowHeader$2#update@ToolwindowTitle (com.intellij.toolWindow.ToolWindowHeader$2)
2023-02-22 21:35:19,133 [   7991]   WARN - #c.i.o.a.i.ActionUpdater - 477 ms to grab EDT for ChangePreviewLayoutAction$EditorOnly#update@ContextToolbar (org.intellij.plugins.markdown.ui.actions.ChangePreviewLayoutAction$EditorOnly)
2023-02-22 21:35:19,855 [   8713]   WARN - #c.i.o.a.i.ActionUpdater - 353 ms to grab EDT for BackAction#update@MainToolbar (com.intellij.ide.actions.BackAction)
2023-02-22 21:35:20,759 [   9617]   WARN - #org.editorconfig.language.schema.parser.EditorConfigJsonSchemaParser - Found illegal descriptor: {}
2023-02-22 21:35:20,759 [   9617]   WARN - #org.editorconfig.language.schema.parser.EditorConfigJsonSchemaParser - Found illegal descriptor: {}
2023-02-22 21:35:20,795 [   9653]   WARN - #org.editorconfig.language.schema.parser.EditorConfigJsonSchemaParser - Found illegal descriptor: {}
2023-02-22 21:35:20,798 [   9656]   WARN - #org.editorconfig.language.schema.parser.EditorConfigJsonSchemaParser - Found illegal descriptor: {}
2023-02-22 21:35:20,800 [   9658]   WARN - #org.editorconfig.language.schema.parser.EditorConfigJsonSchemaParser - Found illegal descriptor: {}
2023-02-22 21:35:20,800 [   9658]   WARN - #org.editorconfig.language.schema.parser.EditorConfigJsonSchemaParser - Found illegal descriptor: {}
2023-02-22 21:35:20,801 [   9659]   WARN - #org.editorconfig.language.schema.parser.EditorConfigJsonSchemaParser - Found illegal descriptor: {}
2023-02-22 21:35:20,801 [   9659]   WARN - #org.editorconfig.language.schema.parser.EditorConfigJsonSchemaParser - Found illegal descriptor: {}
2023-02-22 21:35:21,747 [  10605] SEVERE - #c.i.v.l.d.i.IndexDiagnosticRunner - IdeaLoggingEvent[message=Index is corrupted, throwable=java.lang.RuntimeException: Index is corrupted
	at com.intellij.vcs.log.data.index.IndexDiagnosticRunner.runDiagnostic(IndexDiagnosticRunner.kt:54)
	at com.intellij.vcs.log.data.index.IndexDiagnosticRunner.onDataPackChange(IndexDiagnosticRunner.kt:66)
	at com.intellij.vcs.log.data.VcsLogData.fireDataPackChangeEvent(VcsLogData.java:246)
	at com.intellij.vcs.log.data.VcsLogRefresherImpl.lambda$new$0(VcsLogRefresherImpl.java:81)
	at com.intellij.vcs.log.data.SingleTaskController.taskCompleted(SingleTaskController.java:156)
	at com.intellij.vcs.log.data.VcsLogRefresherImpl$MyRefreshTask.run(VcsLogRefresherImpl.java:220)
	at com.intellij.openapi.progress.impl.CoreProgressManager.startTask(CoreProgressManager.java:429)
	at com.intellij.openapi.progress.impl.ProgressManagerImpl.startTask(ProgressManagerImpl.java:114)
	at com.intellij.openapi.progress.impl.CoreProgressManager.lambda$runProcessWithProgressAsynchronously$6(CoreProgressManager.java:480)
	at com.intellij.openapi.progress.impl.ProgressRunner.lambda$submit$3(ProgressRunner.java:252)
	at com.intellij.openapi.progress.impl.CoreProgressManager.lambda$runProcess$2(CoreProgressManager.java:186)
	at com.intellij.openapi.progress.impl.CoreProgressManager.lambda$executeProcessUnderProgress$13(CoreProgressManager.java:604)
	at com.intellij.openapi.progress.impl.CoreProgressManager.registerIndicatorAndRun(CoreProgressManager.java:679)
	at com.intellij.openapi.progress.impl.CoreProgressManager.computeUnderProgress(CoreProgressManager.java:635)
	at com.intellij.openapi.progress.impl.CoreProgressManager.executeProcessUnderProgress(CoreProgressManager.java:603)
	at com.intellij.openapi.progress.impl.ProgressManagerImpl.executeProcessUnderProgress(ProgressManagerImpl.java:60)
	at com.intellij.openapi.progress.impl.CoreProgressManager.runProcess(CoreProgressManager.java:173)
	at com.intellij.openapi.progress.impl.ProgressRunner.lambda$submit$4(ProgressRunner.java:252)
	at java.base/java.util.concurrent.CompletableFuture$AsyncSupply.run(CompletableFuture.java:1768)
	at java.base/java.util.concurrent.ThreadPoolExecutor.runWorker(ThreadPoolExecutor.java:1136)
	at java.base/java.util.concurrent.ThreadPoolExecutor$Worker.run(ThreadPoolExecutor.java:635)
	at java.base/java.util.concurrent.Executors$PrivilegedThreadFactory$1$1.run(Executors.java:702)
	at java.base/java.util.concurrent.Executors$PrivilegedThreadFactory$1$1.run(Executors.java:699)
	at java.base/java.security.AccessController.doPrivileged(AccessController.java:399)
	at java.base/java.util.concurrent.Executors$PrivilegedThreadFactory$1.run(Executors.java:699)
	at java.base/java.lang.Thread.run(Thread.java:833)
]
2023-02-22 21:35:30,244 [  19102]   WARN - #c.i.u.p.t.TreePopupImpl$1 - 'AbstractTreeBuilder' is going to be dropped soon and must not be used
com.intellij.diagnostic.PluginException: 'AbstractTreeBuilder' is going to be dropped soon and must not be used
	at com.intellij.diagnostic.PluginProblemReporterImpl.createPluginExceptionByClass(PluginProblemReporterImpl.java:23)
	at com.intellij.diagnostic.PluginException.createByClass(PluginException.java:83)
	at com.intellij.ide.util.treeView.AbstractTreeBuilder.<init>(AbstractTreeBuilder.java:60)
	at com.intellij.ide.util.treeView.AbstractTreeBuilder.<init>(AbstractTreeBuilder.java:55)
	at com.intellij.ide.util.treeView.AbstractTreeBuilder.<init>(AbstractTreeBuilder.java:47)
	at com.intellij.ui.treeStructure.filtered.FilteringTreeBuilder.<init>(FilteringTreeBuilder.java:46)
	at com.intellij.ui.popup.tree.TreePopupImpl$1.<init>(TreePopupImpl.java:65)
	at com.intellij.ui.popup.tree.TreePopupImpl.createContent(TreePopupImpl.java:65)
	at com.intellij.ui.popup.WizardPopup.<init>(WizardPopup.java:79)
	at com.intellij.ui.popup.tree.TreePopupImpl.<init>(TreePopupImpl.java:57)
	at com.intellij.execution.impl.NewRunConfigurationPopup$6.<init>(NewRunConfigurationPopup.java:260)
	at com.intellij.execution.impl.NewRunConfigurationPopup.createAddTreePopup(NewRunConfigurationPopup.java:260)
	at com.intellij.execution.impl.NewRunConfigurationPopup.createAddPopup(NewRunConfigurationPopup.java:85)
	at com.intellij.execution.impl.RunConfigurable$MyToolbarAddAction.showAddPopup(RunConfigurable.kt:947)
	at com.intellij.execution.impl.RunConfigurable$MyToolbarAddAction.run(RunConfigurable.kt:935)
	at com.intellij.execution.impl.RunConfigurable$MyToolbarAddAction.run(RunConfigurable.kt:921)
	at com.intellij.ui.ToolbarDecorator$3.doAdd(ToolbarDecorator.java:591)
	at com.intellij.ui.CommonActionsPanel$AddButton.actionPerformed(CommonActionsPanel.java:357)
	at com.intellij.openapi.actionSystem.impl.ActionButton.actionPerformed(ActionButton.java:197)
	at com.intellij.openapi.actionSystem.impl.ActionButton.lambda$performAction$0(ActionButton.java:176)
	at com.intellij.openapi.actionSystem.ex.ActionUtil.performDumbAwareWithCallbacks(ActionUtil.java:350)
	at com.intellij.openapi.actionSystem.impl.ActionButton.performAction(ActionButton.java:176)
	at com.intellij.openapi.actionSystem.impl.ActionButton.processMouseEvent(ActionButton.java:465)
	at java.desktop/java.awt.Component.processEvent(Component.java:6413)
	at java.desktop/java.awt.Container.processEvent(Container.java:2266)
	at java.desktop/java.awt.Component.dispatchEventImpl(Component.java:5022)
	at java.desktop/java.awt.Container.dispatchEventImpl(Container.java:2324)
	at java.desktop/java.awt.Component.dispatchEvent(Component.java:4854)
	at java.desktop/java.awt.LightweightDispatcher.retargetMouseEvent(Container.java:4948)
	at java.desktop/java.awt.LightweightDispatcher.processMouseEvent(Container.java:4575)
	at java.desktop/java.awt.LightweightDispatcher.dispatchEvent(Container.java:4516)
	at java.desktop/java.awt.Container.dispatchEventImpl(Container.java:2310)
	at java.desktop/java.awt.Window.dispatchEventImpl(Window.java:2802)
	at java.desktop/java.awt.Component.dispatchEvent(Component.java:4854)
	at java.desktop/java.awt.EventQueue.dispatchEventImpl(EventQueue.java:781)
	at java.desktop/java.awt.EventQueue$4.run(EventQueue.java:730)
	at java.desktop/java.awt.EventQueue$4.run(EventQueue.java:724)
	at java.base/java.security.AccessController.doPrivileged(AccessController.java:399)
	at java.base/java.security.ProtectionDomain$JavaSecurityAccessImpl.doIntersectionPrivilege(ProtectionDomain.java:86)
	at java.base/java.security.ProtectionDomain$JavaSecurityAccessImpl.doIntersectionPrivilege(ProtectionDomain.java:97)
	at java.desktop/java.awt.EventQueue$5.run(EventQueue.java:754)
	at java.desktop/java.awt.EventQueue$5.run(EventQueue.java:752)
	at java.base/java.security.AccessController.doPrivileged(AccessController.java:399)
	at java.base/java.security.ProtectionDomain$JavaSecurityAccessImpl.doIntersectionPrivilege(ProtectionDomain.java:86)
	at java.desktop/java.awt.EventQueue.dispatchEvent(EventQueue.java:751)
	at com.intellij.ide.IdeEventQueue.defaultDispatchEvent(IdeEventQueue.java:909)
	at com.intellij.ide.IdeEventQueue.dispatchMouseEvent(IdeEventQueue.java:831)
	at com.intellij.ide.IdeEventQueue._dispatchEvent(IdeEventQueue.java:753)
	at com.intellij.ide.IdeEventQueue.lambda$dispatchEvent$5(IdeEventQueue.java:437)
	at com.intellij.openapi.progress.impl.CoreProgressManager.computePrioritized(CoreProgressManager.java:787)
	at com.intellij.ide.IdeEventQueue.lambda$dispatchEvent$6(IdeEventQueue.java:436)
	at com.intellij.openapi.application.TransactionGuardImpl.performActivity(TransactionGuardImpl.java:105)
	at com.intellij.ide.IdeEventQueue.performActivity(IdeEventQueue.java:615)
	at com.intellij.ide.IdeEventQueue.lambda$dispatchEvent$7(IdeEventQueue.java:434)
	at com.intellij.openapi.application.impl.ApplicationImpl.runIntendedWriteActionOnCurrentThread(ApplicationImpl.java:838)
	at com.intellij.ide.IdeEventQueue.dispatchEvent(IdeEventQueue.java:480)
	at java.desktop/java.awt.EventDispatchThread.pumpOneEventForFilters(EventDispatchThread.java:207)
	at java.desktop/java.awt.EventDispatchThread.pumpEventsForFilter(EventDispatchThread.java:128)
	at java.desktop/java.awt.EventDispatchThread.pumpEventsForFilter(EventDispatchThread.java:121)
	at java.desktop/java.awt.WaitDispatchSupport$2.run(WaitDispatchSupport.java:191)
	at java.desktop/java.awt.WaitDispatchSupport$4.run(WaitDispatchSupport.java:236)
	at java.desktop/java.awt.WaitDispatchSupport$4.run(WaitDispatchSupport.java:234)
	at java.base/java.security.AccessController.doPrivileged(AccessController.java:318)
	at java.desktop/java.awt.WaitDispatchSupport.enter(WaitDispatchSupport.java:234)
	at java.desktop/java.awt.Dialog.show(Dialog.java:1080)
	at com.intellij.openapi.ui.impl.DialogWrapperPeerImpl$MyDialog.show(DialogWrapperPeerImpl.java:743)
	at com.intellij.openapi.ui.impl.DialogWrapperPeerImpl.show(DialogWrapperPeerImpl.java:467)
	at com.intellij.openapi.ui.DialogWrapper.doShow(DialogWrapper.java:1676)
	at com.intellij.openapi.ui.DialogWrapper.show(DialogWrapper.java:1634)
	at com.intellij.execution.actions.EditRunConfigurationsAction.actionPerformed(EditRunConfigurationsAction.java:24)
	at com.intellij.openapi.actionSystem.ex.ActionUtil.doPerformActionOrShowPopup(ActionUtil.java:327)
	at com.intellij.openapi.actionSystem.ex.ActionUtil.lambda$performActionDumbAwareWithCallbacks$4(ActionUtil.java:306)
	at com.intellij.openapi.actionSystem.ex.ActionUtil.performDumbAwareWithCallbacks(ActionUtil.java:350)
	at com.intellij.openapi.actionSystem.ex.ActionUtil.performActionDumbAwareWithCallbacks(ActionUtil.java:306)
	at com.intellij.openapi.actionSystem.ex.ActionUtil.invokeAction(ActionUtil.java:528)
	at com.intellij.ui.popup.ActionPopupStep.performAction(ActionPopupStep.java:252)
	at com.intellij.ui.popup.ActionPopupStep.lambda$onChosen$1(ActionPopupStep.java:229)
	at com.intellij.ui.popup.AbstractPopup.lambda$dispose$17(AbstractPopup.java:1585)
	at com.intellij.openapi.wm.impl.FocusManagerImpl.lambda$doWhenFocusSettlesDown$3(FocusManagerImpl.java:173)
	at com.intellij.util.ui.EdtInvocationManager.invokeLaterIfNeeded(EdtInvocationManager.java:33)
	at com.intellij.ide.IdeEventQueue.ifFocusEventsInTheQueue(IdeEventQueue.java:176)
	at com.intellij.ide.IdeEventQueue.executeWhenAllFocusEventsLeftTheQueue(IdeEventQueue.java:129)
	at com.intellij.openapi.wm.impl.FocusManagerImpl.doWhenFocusSettlesDown(FocusManagerImpl.java:169)
	at com.intellij.openapi.wm.impl.FocusManagerImpl.doWhenFocusSettlesDown(FocusManagerImpl.java:163)
	at com.intellij.ui.popup.AbstractPopup.dispose(AbstractPopup.java:1583)
	at com.intellij.ui.popup.WizardPopup.dispose(WizardPopup.java:165)
	at com.intellij.ui.popup.list.ListPopupImpl.dispose(ListPopupImpl.java:377)
	at com.intellij.ui.popup.PopupFactoryImpl$ActionGroupPopup.dispose(PopupFactoryImpl.java:288)
	at com.intellij.openapi.util.ObjectTree.runWithTrace(ObjectTree.java:127)
	at com.intellij.openapi.util.ObjectTree.executeAll(ObjectTree.java:159)
	at com.intellij.openapi.util.Disposer.dispose(Disposer.java:243)
	at com.intellij.openapi.util.Disposer.dispose(Disposer.java:231)
	at com.intellij.ui.popup.WizardPopup.disposeAllParents(WizardPopup.java:273)
	at com.intellij.ui.popup.list.ListPopupImpl.disposePopup(ListPopupImpl.java:470)
	at com.intellij.ui.popup.list.ListPopupImpl.handleNextStep(ListPopupImpl.java:497)
	at com.intellij.ui.popup.list.ListPopupImpl._handleSelect(ListPopupImpl.java:464)
	at com.intellij.ui.popup.list.ListPopupImpl.handleSelect(ListPopupImpl.java:412)
	at com.intellij.ui.popup.PopupFactoryImpl$ActionGroupPopup.handleSelect(PopupFactoryImpl.java:300)
	at com.intellij.ui.popup.list.ListPopupImpl$MyMouseListener.mouseReleased(ListPopupImpl.java:666)
	at java.desktop/java.awt.AWTEventMulticaster.mouseReleased(AWTEventMulticaster.java:298)
	at java.desktop/java.awt.Component.processMouseEvent(Component.java:6648)
	at java.desktop/javax.swing.JComponent.processMouseEvent(JComponent.java:3392)
	at com.intellij.ui.popup.list.ListPopupImpl$MyList.processMouseEvent(ListPopupImpl.java:731)
	at java.desktop/java.awt.Component.processEvent(Component.java:6413)
	at java.desktop/java.awt.Container.processEvent(Container.java:2266)
	at java.desktop/java.awt.Component.dispatchEventImpl(Component.java:5022)
	at java.desktop/java.awt.Container.dispatchEventImpl(Container.java:2324)
	at java.desktop/java.awt.Component.dispatchEvent(Component.java:4854)
	at java.desktop/java.awt.LightweightDispatcher.retargetMouseEvent(Container.java:4948)
	at java.desktop/java.awt.LightweightDispatcher.processMouseEvent(Container.java:4575)
	at java.desktop/java.awt.LightweightDispatcher.dispatchEvent(Container.java:4516)
	at java.desktop/java.awt.Container.dispatchEventImpl(Container.java:2310)
	at java.desktop/java.awt.Window.dispatchEventImpl(Window.java:2802)
	at java.desktop/java.awt.Component.dispatchEvent(Component.java:4854)
	at java.desktop/java.awt.EventQueue.dispatchEventImpl(EventQueue.java:781)
	at java.desktop/java.awt.EventQueue$4.run(EventQueue.java:730)
	at java.desktop/java.awt.EventQueue$4.run(EventQueue.java:724)
	at java.base/java.security.AccessController.doPrivileged(AccessController.java:399)
	at java.base/java.security.ProtectionDomain$JavaSecurityAccessImpl.doIntersectionPrivilege(ProtectionDomain.java:86)
	at java.base/java.security.ProtectionDomain$JavaSecurityAccessImpl.doIntersectionPrivilege(ProtectionDomain.java:97)
	at java.desktop/java.awt.EventQueue$5.run(EventQueue.java:754)
	at java.desktop/java.awt.EventQueue$5.run(EventQueue.java:752)
	at java.base/java.security.AccessController.doPrivileged(AccessController.java:399)
	at java.base/java.security.ProtectionDomain$JavaSecurityAccessImpl.doIntersectionPrivilege(ProtectionDomain.java:86)
	at java.desktop/java.awt.EventQueue.dispatchEvent(EventQueue.java:751)
	at com.intellij.ide.IdeEventQueue.defaultDispatchEvent(IdeEventQueue.java:909)
	at com.intellij.ide.IdeEventQueue.dispatchMouseEvent(IdeEventQueue.java:831)
	at com.intellij.ide.IdeEventQueue._dispatchEvent(IdeEventQueue.java:753)
	at com.intellij.ide.IdeEventQueue.lambda$dispatchEvent$5(IdeEventQueue.java:437)
	at com.intellij.openapi.progress.impl.CoreProgressManager.computePrioritized(CoreProgressManager.java:787)
	at com.intellij.ide.IdeEventQueue.lambda$dispatchEvent$6(IdeEventQueue.java:436)
	at com.intellij.openapi.application.TransactionGuardImpl.performActivity(TransactionGuardImpl.java:113)
	at com.intellij.ide.IdeEventQueue.performActivity(IdeEventQueue.java:615)
	at com.intellij.ide.IdeEventQueue.lambda$dispatchEvent$7(IdeEventQueue.java:434)
	at com.intellij.openapi.application.impl.ApplicationImpl.runIntendedWriteActionOnCurrentThread(ApplicationImpl.java:838)
	at com.intellij.ide.IdeEventQueue.dispatchEvent(IdeEventQueue.java:480)
	at java.desktop/java.awt.EventDispatchThread.pumpOneEventForFilters(EventDispatchThread.java:207)
	at java.desktop/java.awt.EventDispatchThread.pumpEventsForFilter(EventDispatchThread.java:128)
	at java.desktop/java.awt.EventDispatchThread.pumpEventsForHierarchy(EventDispatchThread.java:117)
	at java.desktop/java.awt.EventDispatchThread.pumpEvents(EventDispatchThread.java:113)
	at java.desktop/java.awt.EventDispatchThread.pumpEvents(EventDispatchThread.java:105)
	at java.desktop/java.awt.EventDispatchThread.run(EventDispatchThread.java:92)
2023-02-22 21:35:36,318 [  25176]   WARN - #c.i.u.p.t.TreePopupImpl$1 - 'AbstractTreeBuilder' is going to be dropped soon and must not be used
com.intellij.diagnostic.PluginException: 'AbstractTreeBuilder' is going to be dropped soon and must not be used
	at com.intellij.diagnostic.PluginProblemReporterImpl.createPluginExceptionByClass(PluginProblemReporterImpl.java:23)
	at com.intellij.diagnostic.PluginException.createByClass(PluginException.java:83)
	at com.intellij.ide.util.treeView.AbstractTreeBuilder.<init>(AbstractTreeBuilder.java:60)
	at com.intellij.ide.util.treeView.AbstractTreeBuilder.<init>(AbstractTreeBuilder.java:55)
	at com.intellij.ide.util.treeView.AbstractTreeBuilder.<init>(AbstractTreeBuilder.java:47)
	at com.intellij.ui.treeStructure.filtered.FilteringTreeBuilder.<init>(FilteringTreeBuilder.java:46)
	at com.intellij.ui.popup.tree.TreePopupImpl$1.<init>(TreePopupImpl.java:65)
	at com.intellij.ui.popup.tree.TreePopupImpl.createContent(TreePopupImpl.java:65)
	at com.intellij.ui.popup.WizardPopup.<init>(WizardPopup.java:79)
	at com.intellij.ui.popup.tree.TreePopupImpl.<init>(TreePopupImpl.java:57)
	at com.intellij.execution.impl.NewRunConfigurationPopup$6.<init>(NewRunConfigurationPopup.java:260)
	at com.intellij.execution.impl.NewRunConfigurationPopup.createAddTreePopup(NewRunConfigurationPopup.java:260)
	at com.intellij.execution.impl.NewRunConfigurationPopup.createAddPopup(NewRunConfigurationPopup.java:85)
	at com.intellij.execution.impl.RunConfigurable$MyToolbarAddAction.showAddPopup(RunConfigurable.kt:947)
	at com.intellij.execution.impl.RunConfigurable.initTree$lambda$5(RunConfigurable.kt:225)
	at com.intellij.util.ui.StatusText$1.onClick(StatusText.java:91)
	at com.intellij.ui.ClickListener$1.mouseReleased(ClickListener.java:59)
	at java.desktop/java.awt.AWTEventMulticaster.mouseReleased(AWTEventMulticaster.java:298)
	at java.desktop/java.awt.AWTEventMulticaster.mouseReleased(AWTEventMulticaster.java:297)
	at java.desktop/java.awt.AWTEventMulticaster.mouseReleased(AWTEventMulticaster.java:297)
	at java.desktop/java.awt.AWTEventMulticaster.mouseReleased(AWTEventMulticaster.java:297)
	at java.desktop/java.awt.Component.processMouseEvent(Component.java:6648)
	at java.desktop/javax.swing.JComponent.processMouseEvent(JComponent.java:3392)
	at com.intellij.ui.treeStructure.Tree.processMouseEvent(Tree.java:424)
	at java.desktop/java.awt.Component.processEvent(Component.java:6413)
	at java.desktop/java.awt.Container.processEvent(Container.java:2266)
	at java.desktop/java.awt.Component.dispatchEventImpl(Component.java:5022)
	at java.desktop/java.awt.Container.dispatchEventImpl(Container.java:2324)
	at java.desktop/java.awt.Component.dispatchEvent(Component.java:4854)
	at java.desktop/java.awt.LightweightDispatcher.retargetMouseEvent(Container.java:4948)
	at java.desktop/java.awt.LightweightDispatcher.processMouseEvent(Container.java:4575)
	at java.desktop/java.awt.LightweightDispatcher.dispatchEvent(Container.java:4516)
	at java.desktop/java.awt.Container.dispatchEventImpl(Container.java:2310)
	at java.desktop/java.awt.Window.dispatchEventImpl(Window.java:2802)
	at java.desktop/java.awt.Component.dispatchEvent(Component.java:4854)
	at java.desktop/java.awt.EventQueue.dispatchEventImpl(EventQueue.java:781)
	at java.desktop/java.awt.EventQueue$4.run(EventQueue.java:730)
	at java.desktop/java.awt.EventQueue$4.run(EventQueue.java:724)
	at java.base/java.security.AccessController.doPrivileged(AccessController.java:399)
	at java.base/java.security.ProtectionDomain$JavaSecurityAccessImpl.doIntersectionPrivilege(ProtectionDomain.java:86)
	at java.base/java.security.ProtectionDomain$JavaSecurityAccessImpl.doIntersectionPrivilege(ProtectionDomain.java:97)
	at java.desktop/java.awt.EventQueue$5.run(EventQueue.java:754)
	at java.desktop/java.awt.EventQueue$5.run(EventQueue.java:752)
	at java.base/java.security.AccessController.doPrivileged(AccessController.java:399)
	at java.base/java.security.ProtectionDomain$JavaSecurityAccessImpl.doIntersectionPrivilege(ProtectionDomain.java:86)
	at java.desktop/java.awt.EventQueue.dispatchEvent(EventQueue.java:751)
	at com.intellij.ide.IdeEventQueue.defaultDispatchEvent(IdeEventQueue.java:909)
	at com.intellij.ide.IdeEventQueue.dispatchMouseEvent(IdeEventQueue.java:831)
	at com.intellij.ide.IdeEventQueue._dispatchEvent(IdeEventQueue.java:753)
	at com.intellij.ide.IdeEventQueue.lambda$dispatchEvent$5(IdeEventQueue.java:437)
	at com.intellij.openapi.progress.impl.CoreProgressManager.computePrioritized(CoreProgressManager.java:787)
	at com.intellij.ide.IdeEventQueue.lambda$dispatchEvent$6(IdeEventQueue.java:436)
	at com.intellij.openapi.application.TransactionGuardImpl.performActivity(TransactionGuardImpl.java:105)
	at com.intellij.ide.IdeEventQueue.performActivity(IdeEventQueue.java:615)
	at com.intellij.ide.IdeEventQueue.lambda$dispatchEvent$7(IdeEventQueue.java:434)
	at com.intellij.openapi.application.impl.ApplicationImpl.runIntendedWriteActionOnCurrentThread(ApplicationImpl.java:838)
	at com.intellij.ide.IdeEventQueue.dispatchEvent(IdeEventQueue.java:480)
	at java.desktop/java.awt.EventDispatchThread.pumpOneEventForFilters(EventDispatchThread.java:207)
	at java.desktop/java.awt.EventDispatchThread.pumpEventsForFilter(EventDispatchThread.java:128)
	at java.desktop/java.awt.EventDispatchThread.pumpEventsForFilter(EventDispatchThread.java:121)
	at java.desktop/java.awt.WaitDispatchSupport$2.run(WaitDispatchSupport.java:191)
	at java.desktop/java.awt.WaitDispatchSupport$4.run(WaitDispatchSupport.java:236)
	at java.desktop/java.awt.WaitDispatchSupport$4.run(WaitDispatchSupport.java:234)
	at java.base/java.security.AccessController.doPrivileged(AccessController.java:318)
	at java.desktop/java.awt.WaitDispatchSupport.enter(WaitDispatchSupport.java:234)
	at java.desktop/java.awt.Dialog.show(Dialog.java:1080)
	at com.intellij.openapi.ui.impl.DialogWrapperPeerImpl$MyDialog.show(DialogWrapperPeerImpl.java:743)
	at com.intellij.openapi.ui.impl.DialogWrapperPeerImpl.show(DialogWrapperPeerImpl.java:467)
	at com.intellij.openapi.ui.DialogWrapper.doShow(DialogWrapper.java:1676)
	at com.intellij.openapi.ui.DialogWrapper.show(DialogWrapper.java:1634)
	at com.intellij.execution.actions.EditRunConfigurationsAction.actionPerformed(EditRunConfigurationsAction.java:24)
	at com.intellij.openapi.actionSystem.ex.ActionUtil.doPerformActionOrShowPopup(ActionUtil.java:327)
	at com.intellij.openapi.actionSystem.ex.ActionUtil.lambda$performActionDumbAwareWithCallbacks$4(ActionUtil.java:306)
	at com.intellij.openapi.actionSystem.ex.ActionUtil.performDumbAwareWithCallbacks(ActionUtil.java:350)
	at com.intellij.openapi.actionSystem.ex.ActionUtil.performActionDumbAwareWithCallbacks(ActionUtil.java:306)
	at com.intellij.openapi.actionSystem.ex.ActionUtil.invokeAction(ActionUtil.java:528)
	at com.intellij.ui.popup.ActionPopupStep.performAction(ActionPopupStep.java:252)
	at com.intellij.ui.popup.ActionPopupStep.lambda$onChosen$1(ActionPopupStep.java:229)
	at com.intellij.ui.popup.AbstractPopup.lambda$dispose$17(AbstractPopup.java:1585)
	at com.intellij.openapi.wm.impl.FocusManagerImpl.lambda$doWhenFocusSettlesDown$3(FocusManagerImpl.java:173)
	at com.intellij.util.ui.EdtInvocationManager.invokeLaterIfNeeded(EdtInvocationManager.java:33)
	at com.intellij.ide.IdeEventQueue.ifFocusEventsInTheQueue(IdeEventQueue.java:176)
	at com.intellij.ide.IdeEventQueue.executeWhenAllFocusEventsLeftTheQueue(IdeEventQueue.java:129)
	at com.intellij.openapi.wm.impl.FocusManagerImpl.doWhenFocusSettlesDown(FocusManagerImpl.java:169)
	at com.intellij.openapi.wm.impl.FocusManagerImpl.doWhenFocusSettlesDown(FocusManagerImpl.java:163)
	at com.intellij.ui.popup.AbstractPopup.dispose(AbstractPopup.java:1583)
	at com.intellij.ui.popup.WizardPopup.dispose(WizardPopup.java:165)
	at com.intellij.ui.popup.list.ListPopupImpl.dispose(ListPopupImpl.java:377)
	at com.intellij.ui.popup.PopupFactoryImpl$ActionGroupPopup.dispose(PopupFactoryImpl.java:288)
	at com.intellij.openapi.util.ObjectTree.runWithTrace(ObjectTree.java:127)
	at com.intellij.openapi.util.ObjectTree.executeAll(ObjectTree.java:159)
	at com.intellij.openapi.util.Disposer.dispose(Disposer.java:243)
	at com.intellij.openapi.util.Disposer.dispose(Disposer.java:231)
	at com.intellij.ui.popup.WizardPopup.disposeAllParents(WizardPopup.java:273)
	at com.intellij.ui.popup.list.ListPopupImpl.disposePopup(ListPopupImpl.java:470)
	at com.intellij.ui.popup.list.ListPopupImpl.handleNextStep(ListPopupImpl.java:497)
	at com.intellij.ui.popup.list.ListPopupImpl._handleSelect(ListPopupImpl.java:464)
	at com.intellij.ui.popup.list.ListPopupImpl.handleSelect(ListPopupImpl.java:412)
	at com.intellij.ui.popup.PopupFactoryImpl$ActionGroupPopup.handleSelect(PopupFactoryImpl.java:300)
	at com.intellij.ui.popup.list.ListPopupImpl$MyMouseListener.mouseReleased(ListPopupImpl.java:666)
	at java.desktop/java.awt.AWTEventMulticaster.mouseReleased(AWTEventMulticaster.java:298)
	at java.desktop/java.awt.Component.processMouseEvent(Component.java:6648)
	at java.desktop/javax.swing.JComponent.processMouseEvent(JComponent.java:3392)
	at com.intellij.ui.popup.list.ListPopupImpl$MyList.processMouseEvent(ListPopupImpl.java:731)
	at java.desktop/java.awt.Component.processEvent(Component.java:6413)
	at java.desktop/java.awt.Container.processEvent(Container.java:2266)
	at java.desktop/java.awt.Component.dispatchEventImpl(Component.java:5022)
	at java.desktop/java.awt.Container.dispatchEventImpl(Container.java:2324)
	at java.desktop/java.awt.Component.dispatchEvent(Component.java:4854)
	at java.desktop/java.awt.LightweightDispatcher.retargetMouseEvent(Container.java:4948)
	at java.desktop/java.awt.LightweightDispatcher.processMouseEvent(Container.java:4575)
	at java.desktop/java.awt.LightweightDispatcher.dispatchEvent(Container.java:4516)
	at java.desktop/java.awt.Container.dispatchEventImpl(Container.java:2310)
	at java.desktop/java.awt.Window.dispatchEventImpl(Window.java:2802)
	at java.desktop/java.awt.Component.dispatchEvent(Component.java:4854)
	at java.desktop/java.awt.EventQueue.dispatchEventImpl(EventQueue.java:781)
	at java.desktop/java.awt.EventQueue$4.run(EventQueue.java:730)
	at java.desktop/java.awt.EventQueue$4.run(EventQueue.java:724)
	at java.base/java.security.AccessController.doPrivileged(AccessController.java:399)
	at java.base/java.security.ProtectionDomain$JavaSecurityAccessImpl.doIntersectionPrivilege(ProtectionDomain.java:86)
	at java.base/java.security.ProtectionDomain$JavaSecurityAccessImpl.doIntersectionPrivilege(ProtectionDomain.java:97)
	at java.desktop/java.awt.EventQueue$5.run(EventQueue.java:754)
	at java.desktop/java.awt.EventQueue$5.run(EventQueue.java:752)
	at java.base/java.security.AccessController.doPrivileged(AccessController.java:399)
	at java.base/java.security.ProtectionDomain$JavaSecurityAccessImpl.doIntersectionPrivilege(ProtectionDomain.java:86)
	at java.desktop/java.awt.EventQueue.dispatchEvent(EventQueue.java:751)
	at com.intellij.ide.IdeEventQueue.defaultDispatchEvent(IdeEventQueue.java:909)
	at com.intellij.ide.IdeEventQueue.dispatchMouseEvent(IdeEventQueue.java:831)
	at com.intellij.ide.IdeEventQueue._dispatchEvent(IdeEventQueue.java:753)
	at com.intellij.ide.IdeEventQueue.lambda$dispatchEvent$5(IdeEventQueue.java:437)
	at com.intellij.openapi.progress.impl.CoreProgressManager.computePrioritized(CoreProgressManager.java:787)
	at com.intellij.ide.IdeEventQueue.lambda$dispatchEvent$6(IdeEventQueue.java:436)
	at com.intellij.openapi.application.TransactionGuardImpl.performActivity(TransactionGuardImpl.java:113)
	at com.intellij.ide.IdeEventQueue.performActivity(IdeEventQueue.java:615)
	at com.intellij.ide.IdeEventQueue.lambda$dispatchEvent$7(IdeEventQueue.java:434)
	at com.intellij.openapi.application.impl.ApplicationImpl.runIntendedWriteActionOnCurrentThread(ApplicationImpl.java:838)
	at com.intellij.ide.IdeEventQueue.dispatchEvent(IdeEventQueue.java:480)
	at java.desktop/java.awt.EventDispatchThread.pumpOneEventForFilters(EventDispatchThread.java:207)
	at java.desktop/java.awt.EventDispatchThread.pumpEventsForFilter(EventDispatchThread.java:128)
	at java.desktop/java.awt.EventDispatchThread.pumpEventsForHierarchy(EventDispatchThread.java:117)
	at java.desktop/java.awt.EventDispatchThread.pumpEvents(EventDispatchThread.java:113)
	at java.desktop/java.awt.EventDispatchThread.pumpEvents(EventDispatchThread.java:105)
	at java.desktop/java.awt.EventDispatchThread.run(EventDispatchThread.java:92)
2023-02-22 21:43:03,551 [ 472409] SEVERE - #c.i.u.IdempotenceChecker - Non-idempotent computation: it returns different results when invoked multiple times or on different threads:
  {} (class com.jetbrains.php.lang.psi.stubs.indexes.PhpGlobalVariableFakeElement) != {} (class com.jetbrains.php.lang.psi.stubs.indexes.PhpGlobalVariableFakeElement)
  which is element of PsiElementResolveResult with class com.jetbrains.php.lang.psi.stubs.indexes.PhpGlobalVariableFakeElement: data and PsiElementResolveResult with class com.jetbrains.php.lang.psi.stubs.indexes.PhpGlobalVariableFakeElement: data
  which is 114th element of [PsiElementResolveResult with class com.jetbrains.php.lang.psi.elements.impl.VariableImpl: data, PsiElementResolveResult with class com.jetbrains.php.lang.psi.elements.impl.VariableImpl: data, PsiElementResolveResult with class com.jetbrains.php.lang.psi.elements.impl.VariableImpl: data, PsiElementResolveResult with class com.jetbrains.php.lang.psi.elements.impl.VariableImpl: data, PsiElementResolveResult with class com.jetbrains.php.lang.psi.elements.impl.VariableImpl: data, PsiElementResolveResult with class com.jetbrains.php.lang.psi.elements.impl.VariableImpl: data, PsiElementResolveResult with class com.jetbrains.php.lang.psi.elements.impl.VariableImpl: data, PsiElementResolveResult with class com.jetbrains.php.lang.psi.elements.impl.VariableImpl: data, PsiElementResolveResult with class com.jetbrains.php.lang.psi.elements.impl.VariableImpl: data, PsiElementResolveResult with class com.jetbrains.php.lang.psi.elements.impl.VariableImpl: data, PsiElementResolveResult with class com.jetbrains.php.lang.psi.elements.impl.VariableImpl: data, PsiElementResolveResult with class com.jetbrains.php.lang.psi.elements.impl.VariableImpl: data, PsiElementResolveResult with class com.jetbrains.php.lang.psi.elements.impl.VariableImpl: data, PsiElementResolveResult with class com.jetbrains.php.lang.psi.elements.impl.VariableImpl: data, PsiElementResolveResult with class com.jetbrains.php.lang.psi.elements.impl.VariableImpl: data, PsiElementResolveResult with class com.jetbrains.php.lang.psi.elements.impl.VariableImpl: data, PsiElementResolveResult with class com.jetbrains.php.lang.psi.elements.impl.VariableImpl: data, PsiElementResolveResult with class com.jetbrains.php.lang.psi.elements.impl.VariableImpl: data, PsiElementResolveResult with class com.jetbrains.php.lang.psi.elements.impl.VariableImpl: data, PsiElementResolveResult with class com.jetbrains.php.lang.psi.elements.impl.VariableImpl: data, PsiElementResolveResult with class com.jetbrains.php.lang.psi.elements.impl.VariableImpl: data, PsiElementResolveResult with class com.jetbrains.php.lang.psi.elements.impl.VariableImpl: data, PsiElementResolveResult with class com.jetbrains.php.lang.psi.elements.impl.VariableImpl: data, PsiElementResolveResult with class com.jetbrains.php.lang.psi.elements.impl.VariableImpl: data, PsiElementResolveResult with class com.jetbrains.php.lang.psi.elements.impl.VariableImpl: data, PsiElementResolveResult with class com.jetbrains.php.lang.psi.elements.impl.VariableImpl: data, PsiElementResolveResult with class com.jetbrains.php.lang.psi.elements.impl.VariableImpl: data, PsiElementResolveResult with class com.jetbrains.php.lang.psi.elements.impl.VariableImpl: data, PsiElementResolveResult with class com.jetbrains.php.lang.psi.elements.impl.VariableImpl: data, PsiElementResolveResult with class com.jetbrains.php.lang.psi.elements.impl.VariableImpl: data, PsiElementResolveResult with class com.jetbrains.php.lang.psi.elements.impl.VariableImpl: data, PsiElementResolveResult with class com.jetbrains.php.lang.psi.elements.impl.VariableImpl: data, PsiElementResolveResult with class com.jetbrains.php.lang.psi.elements.impl.VariableImpl: data, PsiElementResolveResult with class com.jetbrains.php.lang.psi.elements.impl.VariableImpl: data, PsiElementResolveResult with class com.jetbrains.php.lang.psi.elements.impl.VariableImpl: data, PsiElementResolveResult with class com.jetbrains.php.lang.psi.elements.impl.VariableImpl: data, PsiElementResolveResult with class com.jetbrains.php.lang.psi.elements.impl.VariableImpl: data, PsiElementResolveResult with class com.jetbrains.php.lang.psi.elements.impl.VariableImpl: data, PsiElementResolveResult with class com.jetbrains.php.lang.psi.elements.impl.VariableImpl: data, PsiElementResolveResult with class com.jetbrains.php.lang.psi.elements.impl.VariableImpl: data, PsiElementResolveResult with class com.jetbrains.php.lang.psi.elements.impl.VariableImpl: data, PsiElementResolveResult with class com.jetbrains.php.lang.psi.elements.impl.VariableImpl: data, PsiElementResolveResult with class com.jetbrains.php.lang.psi.elements.impl.VariableImpl: data, PsiElementResolveResult with class com.jetbrains.php.lang.psi.elements.impl.VariableImpl: data, PsiElementResolveResult with class com.jetbrains.php.lang.psi.elements.impl.VariableImpl: data, PsiElementResolveResult with class com.jetbrains.php.lang.psi.elements.impl.VariableImpl: data, PsiElementResolveResult with class com.jetbrains.php.lang.psi.elements.impl.VariableImpl: data, PsiElementResolveResult with class com.jetbrains.php.lang.psi.elements.impl.VariableImpl: data, PsiElementResolveResult with class com.jetbrains.php.lang.psi.elements.impl.VariableImpl: data, PsiElementResolveResult with class com.jetbrains.php.lang.psi.elements.impl.VariableImpl: data, PsiElementResolveResult with class com.jetbrains.php.lang.psi.elements.impl.VariableImpl: data, PsiElementResolveResult with class com.jetbrains.php.lang.psi.elements.impl.VariableImpl: data, PsiElementResolveResult with class com.jetbrains.php.lang.psi.elements.impl.VariableImpl: data, PsiElementResolveResult with class com.jetbrains.php.lang.psi.elements.impl.VariableImpl: data, PsiElementResolveResult with class com.jetbrains.php.lang.psi.elements.impl.VariableImpl: data, PsiElementResolveResult with class com.jetbrains.php.lang.psi.elements.impl.VariableImpl: data, PsiElementResolveResult with class com.jetbrains.php.lang.psi.elements.impl.VariableImpl: data, PsiElementResolveResult with class com.jetbrains.php.lang.psi.elements.impl.VariableImpl: data, PsiElementResolveResult with class com.jetbrains.php.lang.psi.elements.impl.VariableImpl: data, PsiElementResolveResult with class com.jetbrains.php.lang.psi.elements.impl.VariableImpl: data, PsiElementResolveResult with class com.jetbrains.php.lang.psi.elements.impl.VariableImpl: data, PsiElementResolveResult with class com.jetbrains.php.lang.psi.elements.impl.VariableImpl: data, PsiElementResolveResult with class com.jetbrains.php.lang.psi.elements.impl.VariableImpl: data, PsiElementResolveResult with class com.jetbrains.php.lang.psi.elements.impl.VariableImpl: data, PsiElementResolveResult with class com.jetbrains.php.lang.psi.elements.impl.VariableImpl: data, PsiElementResolveResult with class com.jetbrains.php.lang.psi.elements.impl.VariableImpl: data, PsiElementResolveResult with class com.jetbrains.php.lang.psi.elements.impl.VariableImpl: data, PsiElementResolveResult with class com.jetbrains.php.lang.psi.elements.impl.VariableImpl: data, PsiElementResolveResult with class com.jetbrains.php.lang.psi.elements.impl.VariableImpl: data, PsiElementResolveResult with class com.jetbrains.php.lang.psi.elements.impl.VariableImpl: data, PsiElementResolveResult with class com.jetbrains.php.lang.psi.elements.impl.VariableImpl: data, PsiElementResolveResult with class com.jetbrains.php.lang.psi.elements.impl.VariableImpl: data, PsiElementResolveResult with class com.jetbrains.php.lang.psi.elements.impl.VariableImpl: data, PsiElementResolveResult with class com.jetbrains.php.lang.psi.elements.impl.VariableImpl: data, PsiElementResolveResult with class com.jetbrains.php.lang.psi.elements.impl.VariableImpl: data, PsiElementResolveResult with class com.jetbrains.php.lang.psi.elements.impl.VariableImpl: data, PsiElementResolveResult with class com.jetbrains.php.lang.psi.elements.impl.VariableImpl: data, PsiElementResolveResult with class com.jetbrains.php.lang.psi.elements.impl.VariableImpl: data, PsiElementResolveResult with class com.jetbrains.php.lang.psi.elements.impl.VariableImpl: data, PsiElementResolveResult with class com.jetbrains.php.lang.psi.elements.impl.VariableImpl: data, PsiElementResolveResult with class com.jetbrains.php.lang.psi.elements.impl.VariableImpl: data, PsiElementResolveResult with class com.jetbrains.php.lang.psi.elements.impl.VariableImpl: data, PsiElementResolveResult with class com.jetbrains.php.lang.psi.elements.impl.VariableImpl: data, PsiElementResolveResult with class com.jetbrains.php.lang.psi.elements.impl.VariableImpl: data, PsiElementResolveResult with class com.jetbrains.php.lang.psi.elements.impl.VariableImpl: data, PsiElementResolveResult with class com.jetbrains.php.lang.psi.elements.impl.VariableImpl: data, PsiElementResolveResult with class com.jetbrains.php.lang.psi.elements.impl.VariableImpl: data, PsiElementResolveResult with class com.jetbrains.php.lang.psi.elements.impl.VariableImpl: data, PsiElementResolveResult with class com.jetbrains.php.lang.psi.elements.impl.VariableImpl: data, PsiElementResolveResult with class com.jetbrains.php.lang.psi.elements.impl.VariableImpl: data, PsiElementResolveResult with class com.jetbrains.php.lang.psi.elements.impl.VariableImpl: data, PsiElementResolveResult with class com.jetbrains.php.lang.psi.elements.impl.VariableImpl: data, PsiElementResolveResult with class com.jetbrains.php.lang.psi.elements.impl.VariableImpl: data, PsiElementResolveResult with class com.jetbrains.php.lang.psi.elements.impl.VariableImpl: data, PsiElementResolveResult with class com.jetbrains.php.lang.psi.elements.impl.VariableImpl: data, PsiElementResolveResult with class com.jetbrains.php.lang.psi.elements.impl.VariableImpl: data, PsiElementResolveResult with class com.jetbrains.php.lang.psi.elements.impl.VariableImpl: data, PsiElementResolveResult with class com.jetbrains.php.lang.psi.elements.impl.VariableImpl: data, PsiElementResolveResult with class com.jetbrains.php.lang.psi.elements.impl.VariableImpl: data, PsiElementResolveResult with class com.jetbrains.php.lang.psi.elements.impl.VariableImpl: data, PsiElementResolveResult with class com.jetbrains.php.lang.psi.elements.impl.VariableImpl: data, PsiElementResolveResult with class com.jetbrains.php.lang.psi.elements.impl.VariableImpl: data, PsiElementResolveResult with class com.jetbrains.php.lang.psi.elements.impl.VariableImpl: data, PsiElementResolveResult with class com.jetbrains.php.lang.psi.elements.impl.Vari ...


Recomputation gives [Lcom.intellij.psi.ResolveResult;@505c8d18 (class [Lcom.intellij.psi.ResolveResult;) which is different from both values
Recomputation log:
  Resolving VariableImpl: data of class com.jetbrains.php.lang.psi.elements.impl.VariableImpl [Plugin: com.jetbrains.php]
com.intellij.diagnostic.PluginException: Non-idempotent computation: it returns different results when invoked multiple times or on different threads:
  {} (class com.jetbrains.php.lang.psi.stubs.indexes.PhpGlobalVariableFakeElement) != {} (class com.jetbrains.php.lang.psi.stubs.indexes.PhpGlobalVariableFakeElement)
  which is element of PsiElementResolveResult with class com.jetbrains.php.lang.psi.stubs.indexes.PhpGlobalVariableFakeElement: data and PsiElementResolveResult with class com.jetbrains.php.lang.psi.stubs.indexes.PhpGlobalVariableFakeElement: data
  which is 114th element of [PsiElementResolveResult with class com.jetbrains.php.lang.psi.elements.impl.VariableImpl: data, PsiElementResolveResult with class com.jetbrains.php.lang.psi.elements.impl.VariableImpl: data, PsiElementResolveResult with class com.jetbrains.php.lang.psi.elements.impl.VariableImpl: data, PsiElementResolveResult with class com.jetbrains.php.lang.psi.elements.impl.VariableImpl: data, PsiElementResolveResult with class com.jetbrains.php.lang.psi.elements.impl.VariableImpl: data, PsiElementResolveResult with class com.jetbrains.php.lang.psi.elements.impl.VariableImpl: data, PsiElementResolveResult with class com.jetbrains.php.lang.psi.elements.impl.VariableImpl: data, PsiElementResolveResult with class com.jetbrains.php.lang.psi.elements.impl.VariableImpl: data, PsiElementResolveResult with class com.jetbrains.php.lang.psi.elements.impl.VariableImpl: data, PsiElementResolveResult with class com.jetbrains.php.lang.psi.elements.impl.VariableImpl: data, PsiElementResolveResult with class com.jetbrains.php.lang.psi.elements.impl.VariableImpl: data, PsiElementResolveResult with class com.jetbrains.php.lang.psi.elements.impl.VariableImpl: data, PsiElementResolveResult with class com.jetbrains.php.lang.psi.elements.impl.VariableImpl: data, PsiElementResolveResult with class com.jetbrains.php.lang.psi.elements.impl.VariableImpl: data, PsiElementResolveResult with class com.jetbrains.php.lang.psi.elements.impl.VariableImpl: data, PsiElementResolveResult with class com.jetbrains.php.lang.psi.elements.impl.VariableImpl: data, PsiElementResolveResult with class com.jetbrains.php.lang.psi.elements.impl.VariableImpl: data, PsiElementResolveResult with class com.jetbrains.php.lang.psi.elements.impl.VariableImpl: data, PsiElementResolveResult with class com.jetbrains.php.lang.psi.elements.impl.VariableImpl: data, PsiElementResolveResult with class com.jetbrains.php.lang.psi.elements.impl.VariableImpl: data, PsiElementResolveResult with class com.jetbrains.php.lang.psi.elements.impl.VariableImpl: data, PsiElementResolveResult with class com.jetbrains.php.lang.psi.elements.impl.VariableImpl: data, PsiElementResolveResult with class com.jetbrains.php.lang.psi.elements.impl.VariableImpl: data, PsiElementResolveResult with class com.jetbrains.php.lang.psi.elements.impl.VariableImpl: data, PsiElementResolveResult with class com.jetbrains.php.lang.psi.elements.impl.VariableImpl: data, PsiElementResolveResult with class com.jetbrains.php.lang.psi.elements.impl.VariableImpl: data, PsiElementResolveResult with class com.jetbrains.php.lang.psi.elements.impl.VariableImpl: data, PsiElementResolveResult with class com.jetbrains.php.lang.psi.elements.impl.VariableImpl: data, PsiElementResolveResult with class com.jetbrains.php.lang.psi.elements.impl.VariableImpl: data, PsiElementResolveResult with class com.jetbrains.php.lang.psi.elements.impl.VariableImpl: data, PsiElementResolveResult with class com.jetbrains.php.lang.psi.elements.impl.VariableImpl: data, PsiElementResolveResult with class com.jetbrains.php.lang.psi.elements.impl.VariableImpl: data, PsiElementResolveResult with class com.jetbrains.php.lang.psi.elements.impl.VariableImpl: data, PsiElementResolveResult with class com.jetbrains.php.lang.psi.elements.impl.VariableImpl: data, PsiElementResolveResult with class com.jetbrains.php.lang.psi.elements.impl.VariableImpl: data, PsiElementResolveResult with class com.jetbrains.php.lang.psi.elements.impl.VariableImpl: data, PsiElementResolveResult with class com.jetbrains.php.lang.psi.elements.impl.VariableImpl: data, PsiElementResolveResult with class com.jetbrains.php.lang.psi.elements.impl.VariableImpl: data, PsiElementResolveResult with class com.jetbrains.php.lang.psi.elements.impl.VariableImpl: data, PsiElementResolveResult with class com.jetbrains.php.lang.psi.elements.impl.VariableImpl: data, PsiElementResolveResult with class com.jetbrains.php.lang.psi.elements.impl.VariableImpl: data, PsiElementResolveResult with class com.jetbrains.php.lang.psi.elements.impl.VariableImpl: data, PsiElementResolveResult with class com.jetbrains.php.lang.psi.elements.impl.VariableImpl: data, PsiElementResolveResult with class com.jetbrains.php.lang.psi.elements.impl.VariableImpl: data, PsiElementResolveResult with class com.jetbrains.php.lang.psi.elements.impl.VariableImpl: data, PsiElementResolveResult with class com.jetbrains.php.lang.psi.elements.impl.VariableImpl: data, PsiElementResolveResult with class com.jetbrains.php.lang.psi.elements.impl.VariableImpl: data, PsiElementResolveResult with class com.jetbrains.php.lang.psi.elements.impl.VariableImpl: data, PsiElementResolveResult with class com.jetbrains.php.lang.psi.elements.impl.VariableImpl: data, PsiElementResolveResult with class com.jetbrains.php.lang.psi.elements.impl.VariableImpl: data, PsiElementResolveResult with class com.jetbrains.php.lang.psi.elements.impl.VariableImpl: data, PsiElementResolveResult with class com.jetbrains.php.lang.psi.elements.impl.VariableImpl: data, PsiElementResolveResult with class com.jetbrains.php.lang.psi.elements.impl.VariableImpl: data, PsiElementResolveResult with class com.jetbrains.php.lang.psi.elements.impl.VariableImpl: data, PsiElementResolveResult with class com.jetbrains.php.lang.psi.elements.impl.VariableImpl: data, PsiElementResolveResult with class com.jetbrains.php.lang.psi.elements.impl.VariableImpl: data, PsiElementResolveResult with class com.jetbrains.php.lang.psi.elements.impl.VariableImpl: data, PsiElementResolveResult with class com.jetbrains.php.lang.psi.elements.impl.VariableImpl: data, PsiElementResolveResult with class com.jetbrains.php.lang.psi.elements.impl.VariableImpl: data, PsiElementResolveResult with class com.jetbrains.php.lang.psi.elements.impl.VariableImpl: data, PsiElementResolveResult with class com.jetbrains.php.lang.psi.elements.impl.VariableImpl: data, PsiElementResolveResult with class com.jetbrains.php.lang.psi.elements.impl.VariableImpl: data, PsiElementResolveResult with class com.jetbrains.php.lang.psi.elements.impl.VariableImpl: data, PsiElementResolveResult with class com.jetbrains.php.lang.psi.elements.impl.VariableImpl: data, PsiElementResolveResult with class com.jetbrains.php.lang.psi.elements.impl.VariableImpl: data, PsiElementResolveResult with class com.jetbrains.php.lang.psi.elements.impl.VariableImpl: data, PsiElementResolveResult with class com.jetbrains.php.lang.psi.elements.impl.VariableImpl: data, PsiElementResolveResult with class com.jetbrains.php.lang.psi.elements.impl.VariableImpl: data, PsiElementResolveResult with class com.jetbrains.php.lang.psi.elements.impl.VariableImpl: data, PsiElementResolveResult with class com.jetbrains.php.lang.psi.elements.impl.VariableImpl: data, PsiElementResolveResult with class com.jetbrains.php.lang.psi.elements.impl.VariableImpl: data, PsiElementResolveResult with class com.jetbrains.php.lang.psi.elements.impl.VariableImpl: data, PsiElementResolveResult with class com.jetbrains.php.lang.psi.elements.impl.VariableImpl: data, PsiElementResolveResult with class com.jetbrains.php.lang.psi.elements.impl.VariableImpl: data, PsiElementResolveResult with class com.jetbrains.php.lang.psi.elements.impl.VariableImpl: data, PsiElementResolveResult with class com.jetbrains.php.lang.psi.elements.impl.VariableImpl: data, PsiElementResolveResult with class com.jetbrains.php.lang.psi.elements.impl.VariableImpl: data, PsiElementResolveResult with class com.jetbrains.php.lang.psi.elements.impl.VariableImpl: data, PsiElementResolveResult with class com.jetbrains.php.lang.psi.elements.impl.VariableImpl: data, PsiElementResolveResult with class com.jetbrains.php.lang.psi.elements.impl.VariableImpl: data, PsiElementResolveResult with class com.jetbrains.php.lang.psi.elements.impl.VariableImpl: data, PsiElementResolveResult with class com.jetbrains.php.lang.psi.elements.impl.VariableImpl: data, PsiElementResolveResult with class com.jetbrains.php.lang.psi.elements.impl.VariableImpl: data, PsiElementResolveResult with class com.jetbrains.php.lang.psi.elements.impl.VariableImpl: data, PsiElementResolveResult with class com.jetbrains.php.lang.psi.elements.impl.VariableImpl: data, PsiElementResolveResult with class com.jetbrains.php.lang.psi.elements.impl.VariableImpl: data, PsiElementResolveResult with class com.jetbrains.php.lang.psi.elements.impl.VariableImpl: data, PsiElementResolveResult with class com.jetbrains.php.lang.psi.elements.impl.VariableImpl: data, PsiElementResolveResult with class com.jetbrains.php.lang.psi.elements.impl.VariableImpl: data, PsiElementResolveResult with class com.jetbrains.php.lang.psi.elements.impl.VariableImpl: data, PsiElementResolveResult with class com.jetbrains.php.lang.psi.elements.impl.VariableImpl: data, PsiElementResolveResult with class com.jetbrains.php.lang.psi.elements.impl.VariableImpl: data, PsiElementResolveResult with class com.jetbrains.php.lang.psi.elements.impl.VariableImpl: data, PsiElementResolveResult with class com.jetbrains.php.lang.psi.elements.impl.VariableImpl: data, PsiElementResolveResult with class com.jetbrains.php.lang.psi.elements.impl.VariableImpl: data, PsiElementResolveResult with class com.jetbrains.php.lang.psi.elements.impl.VariableImpl: data, PsiElementResolveResult with class com.jetbrains.php.lang.psi.elements.impl.VariableImpl: data, PsiElementResolveResult with class com.jetbrains.php.lang.psi.elements.impl.VariableImpl: data, PsiElementResolveResult with class com.jetbrains.php.lang.psi.elements.impl.VariableImpl: data, PsiElementResolveResult with class com.jetbrains.php.lang.psi.elements.impl.VariableImpl: data, PsiElementResolveResult with class com.jetbrains.php.lang.psi.elements.impl.VariableImpl: data, PsiElementResolveResult with class com.jetbrains.php.lang.psi.elements.impl.VariableImpl: data, PsiElementResolveResult with class com.jetbrains.php.lang.psi.elements.impl.VariableImpl: data, PsiElementResolveResult with class com.jetbrains.php.lang.psi.elements.impl.Vari ...


Recomputation gives [Lcom.intellij.psi.ResolveResult;@505c8d18 (class [Lcom.intellij.psi.ResolveResult;) which is different from both values
Recomputation log:
  Resolving VariableImpl: data of class com.jetbrains.php.lang.psi.elements.impl.VariableImpl [Plugin: com.jetbrains.php]
	at com.intellij.diagnostic.PluginProblemReporterImpl.createPluginExceptionByClass(PluginProblemReporterImpl.java:23)
	at com.intellij.diagnostic.PluginException.createByClass(PluginException.java:83)
	at com.intellij.util.IdempotenceChecker.reportFailure(IdempotenceChecker.java:90)
	at com.intellij.util.IdempotenceChecker.checkEquivalence(IdempotenceChecker.java:77)
	at com.intellij.psi.impl.source.resolve.ResolveCache.cache(ResolveCache.java:300)
	at com.intellij.psi.impl.source.resolve.ResolveCache.resolve(ResolveCache.java:226)
	at com.intellij.psi.impl.source.resolve.ResolveCache.resolveWithCaching(ResolveCache.java:160)
	at com.intellij.psi.impl.source.resolve.ResolveCache.resolveWithCaching(ResolveCache.java:147)
	at com.jetbrains.php.lang.psi.elements.impl.VariableImpl.multiResolve(VariableImpl.java:425)
	at com.jetbrains.php.lang.inspections.controlFlow.dfa.PhpInferredArrayEmptinessProcessor.processEntryPointInstruction(PhpInferredArrayEmptinessProcessor.java:51)
	at com.jetbrains.php.codeInsight.controlFlow.instructions.impl.PhpEntryPointInstructionImpl.process(PhpEntryPointInstructionImpl.java:16)
	at com.jetbrains.php.codeInsight.controlFlow.PhpControlFlowUtil.processPredecessors(PhpControlFlowUtil.java:342)
	at com.jetbrains.php.codeInsight.controlFlow.PhpControlFlowUtil.processPredecessors(PhpControlFlowUtil.java:313)
	at com.jetbrains.php.codeInsight.controlFlow.PhpControlFlowUtil.processPredecessors(PhpControlFlowUtil.java:282)
	at com.jetbrains.php.lang.inspections.controlFlow.dfa.PhpArrayIsAlwaysEmptyInspection.getAlwaysEmptyAssignmentInstruction(PhpArrayIsAlwaysEmptyInspection.java:115)
	at com.jetbrains.php.lang.inspections.controlFlow.dfa.PhpArrayIsAlwaysEmptyInspection.getAlwaysEmptyInstruction(PhpArrayIsAlwaysEmptyInspection.java:100)
	at com.jetbrains.php.lang.inspections.controlFlow.dfa.PhpArrayIsAlwaysEmptyInspection.getAlwaysEmptyInstruction(PhpArrayIsAlwaysEmptyInspection.java:75)
	at com.jetbrains.php.lang.inspections.controlFlow.dfa.PhpArrayIsAlwaysEmptyInspection$1.doCheckArray(PhpArrayIsAlwaysEmptyInspection.java:50)
	at com.jetbrains.php.lang.inspections.controlFlow.dfa.PhpArrayIsAlwaysEmptyInspection$1.visitPhpForeach(PhpArrayIsAlwaysEmptyInspection.java:34)
	at com.jetbrains.php.lang.psi.elements.impl.ForeachImpl.accept(ForeachImpl.java:82)
	at com.jetbrains.php.lang.psi.elements.impl.PhpASTElementImpl.accept(PhpASTElementImpl.java:26)
	at com.intellij.codeInsight.daemon.impl.InspectionRunner.lambda$processInOrder$9(InspectionRunner.java:324)
	at com.intellij.openapi.application.impl.ApplicationImpl.tryRunReadAction(ApplicationImpl.java:1111)
	at com.intellij.codeInsight.daemon.impl.InspectionRunner.lambda$processInOrder$10(InspectionRunner.java:332)
	at com.intellij.openapi.application.impl.ReadMostlyRWLock.executeByImpatientReader(ReadMostlyRWLock.java:173)
	at com.intellij.openapi.application.impl.ApplicationImpl.executeByImpatientReader(ApplicationImpl.java:182)
	at com.intellij.codeInsight.daemon.impl.InspectionRunner.lambda$processInOrder$11(InspectionRunner.java:338)
	at com.intellij.util.AstLoadingFilter.forceAllowTreeLoading(AstLoadingFilter.java:159)
	at com.intellij.util.AstLoadingFilter.forceAllowTreeLoading(AstLoadingFilter.java:151)
	at com.intellij.codeInsight.daemon.impl.InspectionRunner.lambda$processInOrder$12(InspectionRunner.java:301)
	at com.intellij.util.AstLoadingFilter.disallowTreeLoading(AstLoadingFilter.java:130)
	at com.intellij.util.AstLoadingFilter.disallowTreeLoading(AstLoadingFilter.java:119)
	at com.intellij.codeInsight.daemon.impl.InspectionRunner.lambda$processInOrder$13(InspectionRunner.java:301)
	at com.intellij.concurrency.JobLauncherImpl$1MyProcessQueueTask.lambda$call$0(JobLauncherImpl.java:299)
	at com.intellij.openapi.progress.impl.CoreProgressManager.lambda$executeProcessUnderProgress$13(CoreProgressManager.java:604)
	at com.intellij.openapi.progress.impl.CoreProgressManager.registerIndicatorAndRun(CoreProgressManager.java:679)
	at com.intellij.openapi.progress.impl.CoreProgressManager.computeUnderProgress(CoreProgressManager.java:635)
	at com.intellij.openapi.progress.impl.CoreProgressManager.executeProcessUnderProgress(CoreProgressManager.java:603)
	at com.intellij.openapi.progress.impl.ProgressManagerImpl.executeProcessUnderProgress(ProgressManagerImpl.java:60)
	at com.intellij.concurrency.JobLauncherImpl$1MyProcessQueueTask.call(JobLauncherImpl.java:284)
	at com.intellij.concurrency.JobLauncherImpl$1MyProcessQueueTask.call(JobLauncherImpl.java:272)
	at java.base/java.util.concurrent.ForkJoinTask$AdaptedCallable.exec(ForkJoinTask.java:1428)
	at java.base/java.util.concurrent.ForkJoinTask.doExec(ForkJoinTask.java:373)
	at java.base/java.util.concurrent.ForkJoinPool$WorkQueue.topLevelExec(ForkJoinPool.java:1182)
	at java.base/java.util.concurrent.ForkJoinPool.scan(ForkJoinPool.java:1655)
	at java.base/java.util.concurrent.ForkJoinPool.runWorker(ForkJoinPool.java:1622)
	at java.base/java.util.concurrent.ForkJoinWorkerThread.run(ForkJoinWorkerThread.java:165)
2023-02-22 21:43:03,556 [ 472414] SEVERE - #c.i.u.IdempotenceChecker - PhpStorm 2022.3.2  Build #PS-223.8617.59
2023-02-22 21:43:03,557 [ 472415] SEVERE - #c.i.u.IdempotenceChecker - JDK: 17.0.5; VM: OpenJDK 64-Bit Server VM; Vendor: JetBrains s.r.o.
2023-02-22 21:43:03,557 [ 472415] SEVERE - #c.i.u.IdempotenceChecker - OS: Linux
2023-02-22 21:43:38,452 [ 507310]   WARN - #c.i.u.x.Binding - no accessors for org.jetbrains.idea.perforce.perforce.ConnectionId
2023-02-22 21:44:08,580 [ 537438]   WARN - #c.i.o.a.i.ActionUpdater - 610 ms to grab EDT for CWMTelephonyGroup#update@NavBarToolbar (com.jetbrains.rd.platform.codeWithMe.telephony.CWMTelephonyGroup)
